android-build-appSmartRoom/build/intermediates/manifest_merge_blame_file/debug/processDebugMainManifest/manifest-merger-blame-debug-report.txt
1<?xml version="1.0" encoding="utf-8"?>
2<manifest xmlns:android="http://schemas.android.com/apk/res/android"
3    package="org.qtproject.example.appSmartRoom"
4    android:installLocation="auto"
5    android:versionCode="1"
6    android:versionName="1.0" >
7
8    <uses-sdk
9        android:minSdkVersion="28"
10        android:targetSdkVersion="35" />
11
12    <uses-permission android:name="android.permission.ACCESS_NETWORK_STATE" />
12-->SmartRoom/android-build-appSmartRoom/AndroidManifest.xml:3:5-80
12-->SmartRoom/android-build-appSmartRoom/AndroidManifest.xml:3:22-76
13    <uses-permission android:name="android.permission.INTERNET" />
13-->SmartRoom/android-build-appSmartRoom/AndroidManifest.xml:4:5-68
13-->SmartRoom/android-build-appSmartRoom/AndroidManifest.xml:4:22-64
14    <uses-permission android:name="android.permission.WRITE_EXTERNAL_STORAGE" />
14-->SmartRoom/android-build-appSmartRoom/AndroidManifest.xml:5:5-82
14-->SmartRoom/android-build-appSmartRoom/AndroidManifest.xml:5:22-78
15
16    <supports-screens
16-->SmartRoom/android-build-appSmartRoom/AndroidManifest.xml:6:5-135
17        android:anyDensity="true"
17-->SmartRoom/android-build-appSmartRoom/AndroidManifest.xml:6:23-48
18        android:largeScreens="true"
18-->SmartRoom/android-build-appSmartRoom/AndroidManifest.xml:6:49-76
19        android:normalScreens="true"
19-->SmartRoom/android-build-appSmartRoom/AndroidManifest.xml:6:77-105
20        android:smallScreens="true" />
20-->SmartRoom/android-build-appSmartRoom/AndroidManifest.xml:6:106-133
21
22    <permission
22-->[androidx.core:core:1.13.1] AndroidManifest.xml:22:5-24:47
23        android:name="org.qtproject.example.appSmartRoom.DYNAMIC_RECEIVER_NOT_EXPORTED_PERMISSION"
23-->[androidx.core:core:1.13.1] AndroidManifest.xml:23:9-81
24        android:protectionLevel="signature" />
24-->[androidx.core:core:1.13.1] AndroidManifest.xml:24:9-44
25
26    <uses-permission android:name="org.qtproject.example.appSmartRoom.DYNAMIC_RECEIVER_NOT_EXPORTED_PERMISSION" />
26-->[androidx.core:core:1.13.1] AndroidManifest.xml:26:5-97
26-->[androidx.core:core:1.13.1] AndroidManifest.xml:26:22-94
27
28    <application
28-->SmartRoom/android-build-appSmartRoom/AndroidManifest.xml:7:5-19:19
29        android:name="org.qtproject.qt.android.bindings.QtApplication"
29-->SmartRoom/android-build-appSmartRoom/AndroidManifest.xml:7:52-114
30        android:allowBackup="true"
30-->SmartRoom/android-build-appSmartRoom/AndroidManifest.xml:7:251-277
31        android:appComponentFactory="androidx.core.app.CoreComponentFactory"
31-->[androidx.core:core:1.13.1] AndroidManifest.xml:28:18-86
32        android:debuggable="true"
33        android:extractNativeLibs="false"
34        android:fullBackupOnly="false"
34-->SmartRoom/android-build-appSmartRoom/AndroidManifest.xml:7:278-308
35        android:hardwareAccelerated="true"
35-->SmartRoom/android-build-appSmartRoom/AndroidManifest.xml:7:115-149
36        android:icon="@drawable/icon"
36-->SmartRoom/android-build-appSmartRoom/AndroidManifest.xml:7:177-206
37        android:label="Smart Room"
37-->SmartRoom/android-build-appSmartRoom/AndroidManifest.xml:7:150-176
38        android:requestLegacyExternalStorage="true"
38-->SmartRoom/android-build-appSmartRoom/AndroidManifest.xml:7:207-250
39        android:theme="@style/QtAppTheme" >
39-->SmartRoom/android-build-appSmartRoom/AndroidManifest.xml:7:18-51
40        <activity
40-->SmartRoom/android-build-appSmartRoom/AndroidManifest.xml:8:9-15:20
41            android:name="org.qtproject.qt.android.bindings.QtActivity"
41-->SmartRoom/android-build-appSmartRoom/AndroidManifest.xml:8:19-78
42            android:configChanges="orientation|uiMode|screenLayout|screenSize|smallestScreenSize|layoutDirection|locale|fontScale|keyboard|keyboardHidden|navigation|mcc|mnc|density"
42-->SmartRoom/android-build-appSmartRoom/AndroidManifest.xml:8:79-248
43            android:exported="true"
43-->SmartRoom/android-build-appSmartRoom/AndroidManifest.xml:8:320-343
44            android:label="Smart Room"
44-->SmartRoom/android-build-appSmartRoom/AndroidManifest.xml:8:344-370
45            android:launchMode="singleTop"
45-->SmartRoom/android-build-appSmartRoom/AndroidManifest.xml:8:249-279
46            android:screenOrientation="unspecified" >
46-->SmartRoom/android-build-appSmartRoom/AndroidManifest.xml:8:280-319
47            <intent-filter>
47-->SmartRoom/android-build-appSmartRoom/AndroidManifest.xml:9:13-12:29
48                <action android:name="android.intent.action.MAIN" />
48-->SmartRoom/android-build-appSmartRoom/AndroidManifest.xml:10:17-68
48-->SmartRoom/android-build-appSmartRoom/AndroidManifest.xml:10:25-66
49
50                <category android:name="android.intent.category.LAUNCHER" />
50-->SmartRoom/android-build-appSmartRoom/AndroidManifest.xml:11:17-76
50-->SmartRoom/android-build-appSmartRoom/AndroidManifest.xml:11:27-74
51            </intent-filter>
52
53            <meta-data
53-->SmartRoom/android-build-appSmartRoom/AndroidManifest.xml:13:13-90
54                android:name="android.app.lib_name"
54-->SmartRoom/android-build-appSmartRoom/AndroidManifest.xml:13:24-59
55                android:value="appSmartRoom" />
55-->SmartRoom/android-build-appSmartRoom/AndroidManifest.xml:13:60-88
56            <meta-data
56-->SmartRoom/android-build-appSmartRoom/AndroidManifest.xml:14:13-79
57                android:name="android.app.arguments"
57-->SmartRoom/android-build-appSmartRoom/AndroidManifest.xml:14:24-60
58                android:value="" />
58-->SmartRoom/android-build-appSmartRoom/AndroidManifest.xml:14:61-77
59        </activity>
60
61        <provider
62            android:name="androidx.core.content.FileProvider"
62-->SmartRoom/android-build-appSmartRoom/AndroidManifest.xml:16:19-68
63            android:authorities="org.qtproject.example.appSmartRoom.qtprovider"
63-->SmartRoom/android-build-appSmartRoom/AndroidManifest.xml:16:69-118
64            android:exported="false"
64-->SmartRoom/android-build-appSmartRoom/AndroidManifest.xml:16:119-143
65            android:grantUriPermissions="true" >
65-->SmartRoom/android-build-appSmartRoom/AndroidManifest.xml:16:144-178
66            <meta-data
66-->SmartRoom/android-build-appSmartRoom/AndroidManifest.xml:17:13-117
67                android:name="android.support.FILE_PROVIDER_PATHS"
67-->SmartRoom/android-build-appSmartRoom/AndroidManifest.xml:17:24-74
68                android:resource="@xml/qtprovider_paths" />
68-->SmartRoom/android-build-appSmartRoom/AndroidManifest.xml:17:75-115
69        </provider>
70        <provider
70-->[androidx.emoji2:emoji2:1.2.0] AndroidManifest.xml:24:9-32:20
71            android:name="androidx.startup.InitializationProvider"
71-->[androidx.emoji2:emoji2:1.2.0] AndroidManifest.xml:25:13-67
72            android:authorities="org.qtproject.example.appSmartRoom.androidx-startup"
72-->[androidx.emoji2:emoji2:1.2.0] AndroidManifest.xml:26:13-68
73            android:exported="false" >
73-->[androidx.emoji2:emoji2:1.2.0] AndroidManifest.xml:27:13-37
74            <meta-data
74-->[androidx.emoji2:emoji2:1.2.0] AndroidManifest.xml:29:13-31:52
75                android:name="androidx.emoji2.text.EmojiCompatInitializer"
75-->[androidx.emoji2:emoji2:1.2.0] AndroidManifest.xml:30:17-75
76                android:value="androidx.startup" />
76-->[androidx.emoji2:emoji2:1.2.0] AndroidManifest.xml:31:17-49
77            <meta-data
77-->[androidx.lifecycle:lifecycle-process:2.6.2] AndroidManifest.xml:29:13-31:52
78                android:name="androidx.lifecycle.ProcessLifecycleInitializer"
78-->[androidx.lifecycle:lifecycle-process:2.6.2] AndroidManifest.xml:30:17-78
79                android:value="androidx.startup" />
79-->[androidx.lifecycle:lifecycle-process:2.6.2] AndroidManifest.xml:31:17-49
80            <meta-data
80-->[androidx.profileinstaller:profileinstaller:1.3.0] AndroidManifest.xml:29:13-31:52
81                android:name="androidx.profileinstaller.ProfileInstallerInitializer"
81-->[androidx.profileinstaller:profileinstaller:1.3.0] AndroidManifest.xml:30:17-85
82                android:value="androidx.startup" />
82-->[androidx.profileinstaller:profileinstaller:1.3.0] AndroidManifest.xml:31:17-49
83        </provider>
84
85        <receiver
85-->[androidx.profileinstaller:profileinstaller:1.3.0] AndroidManifest.xml:34:9-52:20
86            android:name="androidx.profileinstaller.ProfileInstallReceiver"
86-->[androidx.profileinstaller:profileinstaller:1.3.0] AndroidManifest.xml:35:13-76
87            android:directBootAware="false"
87-->[androidx.profileinstaller:profileinstaller:1.3.0] AndroidManifest.xml:36:13-44
88            android:enabled="true"
88-->[androidx.profileinstaller:profileinstaller:1.3.0] AndroidManifest.xml:37:13-35
89            android:exported="true"
89-->[androidx.profileinstaller:profileinstaller:1.3.0] AndroidManifest.xml:38:13-36
90            android:permission="android.permission.DUMP" >
90-->[androidx.profileinstaller:profileinstaller:1.3.0] AndroidManifest.xml:39:13-57
91            <intent-filter>
91-->[androidx.profileinstaller:profileinstaller:1.3.0] AndroidManifest.xml:40:13-42:29
92                <action android:name="androidx.profileinstaller.action.INSTALL_PROFILE" />
92-->[androidx.profileinstaller:profileinstaller:1.3.0] AndroidManifest.xml:41:17-91
92-->[androidx.profileinstaller:profileinstaller:1.3.0] AndroidManifest.xml:41:25-88
93            </intent-filter>
94            <intent-filter>
94-->[androidx.profileinstaller:profileinstaller:1.3.0] AndroidManifest.xml:43:13-45:29
95                <action android:name="androidx.profileinstaller.action.SKIP_FILE" />
95-->[androidx.profileinstaller:profileinstaller:1.3.0] AndroidManifest.xml:44:17-85
95-->[androidx.profileinstaller:profileinstaller:1.3.0] AndroidManifest.xml:44:25-82
96            </intent-filter>
97            <intent-filter>
97-->[androidx.profileinstaller:profileinstaller:1.3.0] AndroidManifest.xml:46:13-48:29
98                <action android:name="androidx.profileinstaller.action.SAVE_PROFILE" />
98-->[androidx.profileinstaller:profileinstaller:1.3.0] AndroidManifest.xml:47:17-88
98-->[androidx.profileinstaller:profileinstaller:1.3.0] AndroidManifest.xml:47:25-85
99            </intent-filter>
100            <intent-filter>
100-->[androidx.profileinstaller:profileinstaller:1.3.0] AndroidManifest.xml:49:13-51:29
101                <action android:name="androidx.profileinstaller.action.BENCHMARK_OPERATION" />
101-->[androidx.profileinstaller:profileinstaller:1.3.0] AndroidManifest.xml:50:17-95
101-->[androidx.profileinstaller:profileinstaller:1.3.0] AndroidManifest.xml:50:25-92
102            </intent-filter>
103        </receiver>
104    </application>
105
106</manifest>